#
# There is insufficient memory for the Java Runtime Environment to continue.
# Native memory allocation (mmap) failed to map 536870912 bytes for G1 virtual space
# Possible reasons:
#   The system is out of physical RAM or swap space
#   The process is running with CompressedOops enabled, and the Java Heap may be blocking the growth of the native heap
# Possible solutions:
#   Reduce memory load on the system
#   Increase physical memory or swap space
#   Check if swap backing store is full
#   Decrease Java heap size (-Xmx/-Xms)
#   Decrease number of Java threads
#   Decrease Java thread stack sizes (-Xss)
#   Set larger code cache with -XX:ReservedCodeCacheSize=
#   JVM is running with Zero Based Compressed Oops mode in which the Java heap is
#     placed in the first 32GB address space. The Java Heap base address is the
#     maximum limit for the native heap growth. Please use -XX:HeapBaseMinAddress
#     to set the Java Heap base and to place the Java Heap above 32GB virtual address.
# This output file may be truncated or incomplete.
#
#  Out of Memory Error (os_windows.cpp:3541), pid=16988, tid=12124
#
# JRE version:  (17.0.4+8) (build )
# Java VM: OpenJDK 64-Bit Server VM (17.0.4+8-LTS, mixed mode, sharing, tiered, compressed oops, compressed class ptrs, g1 gc, windows-amd64)
# No core dump will be written. Minidumps are not enabled by default on client versions of Windows
#

---------------  S U M M A R Y ------------

Command Line: org.jetbrains.kotlin.cli.jvm.K2JVMCompiler @C:\Users\andre\Desktop\NMedia\app\build\20230525_1502169892715702404.compiler.options

Host: Intel(R) Core(TM) i9-9900 CPU @ 3.10GHz, 16 cores, 31G,  Windows 10 , 64 bit Build 19041 (10.0.19041.2913)
Time: Thu May 25 19:18:31 2023 RTZ 2 (s 10 , 64 bit Build 19041 (10.0.19041.2913) elapsed time: 0.021656 seconds (0d 0h 0m 0s)

---------------  T H R E A D  ---------------

Current thread (0x0000027c0abe2cd0):  JavaThread "Unknown thread" [_thread_in_vm, id=12124, stack(0x000000b14fa00000,0x000000b14fb00000)]

Stack: [0x000000b14fa00000,0x000000b14fb00000]
Native frames: (J=compiled Java code, j=interpreted, Vv=VM code, C=native code)
V  [jvm.dll+0x64723a]
V  [jvm.dll+0x7f8894]
V  [jvm.dll+0x7fa04e]
V  [jvm.dll+0x7fa6a3]
V  [jvm.dll+0x234d38]
V  [jvm.dll+0x64417a]
V  [jvm.dll+0x638aa2]
V  [jvm.dll+0x2f2f69]
V  [jvm.dll+0x2fa146]
V  [jvm.dll+0x345e7a]
V  [jvm.dll+0x3460bf]
V  [jvm.dll+0x2c9408]
V  [jvm.dll+0x2ca399]
V  [jvm.dll+0x7cbea1]
V  [jvm.dll+0x353361]
V  [jvm.dll+0x7ac1ae]
V  [jvm.dll+0x3cec13]
V  [jvm.dll+0x3d0651]
C  [jli.dll+0x51af]
C  [ucrtbase.dll+0x21bb2]
C  [KERNEL32.DLL+0x17614]
C  [ntdll.dll+0x526a1]


---------------  P R O C E S S  ---------------

Threads class SMR info:
_java_thread_list=0x00007ffdd9de6718, length=0, elements={
}

Java Threads: ( => current thread )

Other Threads:
  0x0000027c0ac956b0 GCTaskThread "GC Thread#0" [stack: 0x000000b14fb00000,0x000000b14fc00000] [id=15376]
  0x0000027c0aca6540 ConcurrentGCThread "G1 Main Marker" [stack: 0x000000b14fc00000,0x000000b14fd00000] [id=8752]
  0x0000027c0aca6f50 ConcurrentGCThread "G1 Conc#0" [stack: 0x000000b14fd00000,0x000000b14fe00000] [id=16588]

[error occurred during error reporting (printing all threads), id 0xc0000005, EXCEPTION_ACCESS_VIOLATION (0xc0000005) at pc=0x00007ffdd95da5f7]

VM state: not at safepoint (not fully initialized)

VM Mutex/Monitor currently owned by a thread:  ([mutex/lock_event])
[0x0000027c0abdfc30] Heap_lock - owner thread: 0x0000027c0abe2cd0

Heap address: 0x0000000601400000, size: 8172 MB, Compressed Oops mode: Zero based, Oop shift amount: 3

CDS archive(s) mapped at: [0x0000000000000000-0x0000000000000000-0x0000000000000000), size 0, SharedBaseAddress: 0x0000000800000000, ArchiveRelocationMode: 0.
Narrow klass base: 0x0000000000000000, Narrow klass shift: 0, Narrow klass range: 0x0

GC Precious Log:
<Empty>

Heap:
 garbage-first heap   total 0K, used 0K [0x0000000601400000, 0x0000000800000000)
  region size 4096K, 0 young (0K), 0 survivors (0K)

[error occurred during error reporting (printing heap information), id 0xc0000005, EXCEPTION_ACCESS_VIOLATION (0xc0000005) at pc=0x00007ffdd999ed59]

GC Heap History (0 events):
No events

Deoptimization events (0 events):
No events

Classes unloaded (0 events):
No events

Classes redefined (0 events):
No events

Internal exceptions (0 events):
No events

VM Operations (0 events):
No events

Events (1 events):
Event: 0.006 Loaded shared library C:\Users\andre\.jdks\corretto-17.0.4\bin\java.dll


Dynamic libraries:
0x00007ff752330000 - 0x00007ff75233d000 	C:\Users\andre\.jdks\corretto-17.0.4\bin\java.exe
0x00007ffe6dfd0000 - 0x00007ffe6e1c8000 	C:\Windows\SYSTEM32\ntdll.dll
0x00007ffe6dc10000 - 0x00007ffe6dccf000 	C:\Windows\System32\KERNEL32.DLL
0x00007ffe6b940000 - 0x00007ffe6bc36000 	C:\Windows\System32\KERNELBASE.dll
0x00007ffe6b6e0000 - 0x00007ffe6b7e0000 	C:\Windows\System32\ucrtbase.dll
0x00007ffe468f0000 - 0x00007ffe46908000 	C:\Users\andre\.jdks\corretto-17.0.4\bin\jli.dll
0x00007ffe6c6e0000 - 0x00007ffe6c87d000 	C:\Windows\System32\USER32.dll
0x00007ffe6b6b0000 - 0x00007ffe6b6d2000 	C:\Windows\System32\win32u.dll
0x00007ffe6dcd0000 - 0x00007ffe6dcfc000 	C:\Windows\System32\GDI32.dll
0x00007ffe6bd20000 - 0x00007ffe6be35000 	C:\Windows\System32\gdi32full.dll
0x00007ffe6b8a0000 - 0x00007ffe6b93d000 	C:\Windows\System32\msvcp_win.dll
0x00007ffe467e0000 - 0x00007ffe467f5000 	C:\Users\andre\.jdks\corretto-17.0.4\bin\VCRUNTIME140.dll
0x00007ffe59d80000 - 0x00007ffe5a01a000 	C:\Windows\WinSxS\amd64_microsoft.windows.common-controls_6595b64144ccf1df_6.0.19041.1110_none_60b5254171f9507e\COMCTL32.dll
0x00007ffe6c3d0000 - 0x00007ffe6c46e000 	C:\Windows\System32\msvcrt.dll
0x00007ffe6c6b0000 - 0x00007ffe6c6e0000 	C:\Windows\System32\IMM32.DLL
0x00007ffdf8240000 - 0x00007ffdf82db000 	C:\Users\andre\.jdks\corretto-17.0.4\bin\msvcp140.dll
0x00007ffdd9300000 - 0x00007ffdd9f14000 	C:\Users\andre\.jdks\corretto-17.0.4\bin\server\jvm.dll
0x00007ffe6d1f0000 - 0x00007ffe6d29f000 	C:\Windows\System32\ADVAPI32.dll
0x00007ffe6dd00000 - 0x00007ffe6dd9c000 	C:\Windows\System32\sechost.dll
0x00007ffe6c4f0000 - 0x00007ffe6c616000 	C:\Windows\System32\RPCRT4.dll
0x00007ffe6c3c0000 - 0x00007ffe6c3c8000 	C:\Windows\System32\PSAPI.DLL
0x00007ffe68e50000 - 0x00007ffe68e59000 	C:\Windows\SYSTEM32\WSOCK32.dll
0x00007ffe6d840000 - 0x00007ffe6d8ab000 	C:\Windows\System32\WS2_32.dll
0x00007ffe64d10000 - 0x00007ffe64d37000 	C:\Windows\SYSTEM32\WINMM.dll
0x00007ffe65ad0000 - 0x00007ffe65ada000 	C:\Windows\SYSTEM32\VERSION.dll
0x00007ffe69590000 - 0x00007ffe695a2000 	C:\Windows\SYSTEM32\kernel.appcore.dll
0x00007ffe4d850000 - 0x00007ffe4d85a000 	C:\Users\andre\.jdks\corretto-17.0.4\bin\jimage.dll
0x00007ffe64f50000 - 0x00007ffe65134000 	C:\Windows\SYSTEM32\DBGHELP.DLL
0x00007ffe64d60000 - 0x00007ffe64d94000 	C:\Windows\SYSTEM32\dbgcore.DLL
0x00007ffe6be40000 - 0x00007ffe6bec2000 	C:\Windows\System32\bcryptPrimitives.dll
0x00007ffe42e30000 - 0x00007ffe42e55000 	C:\Users\andre\.jdks\corretto-17.0.4\bin\java.dll

dbghelp: loaded successfully - version: 4.0.5 - missing functions: none
symbol engine: initialized successfully - sym options: 0x614 - pdb path: .;C:\Users\andre\.jdks\corretto-17.0.4\bin;C:\Windows\SYSTEM32;C:\Windows\WinSxS\amd64_microsoft.windows.common-controls_6595b64144ccf1df_6.0.19041.1110_none_60b5254171f9507e;C:\Users\andre\.jdks\corretto-17.0.4\bin\server

VM Arguments:
java_command: org.jetbrains.kotlin.cli.jvm.K2JVMCompiler @C:\Users\andre\Desktop\NMedia\app\build\20230525_1502169892715702404.compiler.options
java_class_path (initial): C:\Users\andre\.gradle\caches\modules-2\files-2.1\org.jetbrains.kotlin\kotlin-compiler-embeddable\1.8.20\78d9baa57f65babf9e0a93e51f62f26f5f35ac3e\kotlin-compiler-embeddable-1.8.20.jar;C:\Users\andre\.gradle\caches\modules-2\files-2.1\org.jetbrains.kotlin\kotlin-stdlib\1.8.20\e72fc5e03ec6c064c678a6bd0d955c88d55b0c4a\kotlin-stdlib-1.8.20.jar;C:\Users\andre\.gradle\caches\modules-2\files-2.1\org.jetbrains.kotlin\kotlin-script-runtime\1.8.20\c850771e723701f9d63dbcf641429c0f29290074\kotlin-script-runtime-1.8.20.jar;C:\Users\andre\.gradle\caches\modules-2\files-2.1\org.jetbrains.kotlin\kotlin-reflect\1.6.10\1cbe9c92c12a94eea200d23c2bbaedaf3daf5132\kotlin-reflect-1.6.10.jar;C:\Users\andre\.gradle\caches\modules-2\files-2.1\org.jetbrains.kotlin\kotlin-daemon-embeddable\1.8.20\c1b808fbe5fee60bd0504a54778120ef40f383d4\kotlin-daemon-embeddable-1.8.20.jar;C:\Users\andre\.gradle\caches\modules-2\files-2.1\org.jetbrains.intellij.deps\trove4j\1.0.20200330\3afb14d5f9ceb459d724e907a21145e8ff394f02\trove4j-1.0.20200330.jar;C:\Users\andre\.gradle\caches\modules-2\files-2.1\net.java.dev.jna\jna\5.6.0\330f2244e9030119ab3030fc3fededc86713d9cc\jna-5.6.0.jar;C:\Users\andre\.gradle\caches\modules-2\files-2.1\org.jetbrains.kotlin\kotlin-stdlib-common\1.8.20\5eddaaf234c8c49d03eebeb6a14feb7f90faca71\kotlin-stdlib-common-1.8.20.jar;C:\Users\andre\.gradle\caches\modules-2\files-2.1\org.jetbrains\annotations\13.0\919f0dfe192fb4e063e7dacadee7f8bb9a2672a9\annotations-13.0.jar
Launcher Type: SUN_STANDARD

[Global flags]
     intx CICompilerCount                          = 12                                        {product} {ergonomic}
     uint ConcGCThreads                            = 3                                         {product} {ergonomic}
     uint G1ConcRefinementThreads                  = 13                                        {product} {ergonomic}
   size_t G1HeapRegionSize                         = 4194304                                   {product} {ergonomic}
    uintx GCDrainStackTargetSize                   = 64                                        {product} {ergonomic}
   size_t InitialHeapSize                          = 536870912                                 {product} {ergonomic}
   size_t MarkStackSize                            = 4194304                                   {product} {ergonomic}
   size_t MaxHeapSize                              = 8568963072                                {product} {ergonomic}
   size_t MinHeapDeltaBytes                        = 4194304                                   {product} {ergonomic}
   size_t MinHeapSize                              = 8388608                                   {product} {ergonomic}
    uintx NonNMethodCodeHeapSize                   = 7602480                                {pd product} {ergonomic}
    uintx NonProfiledCodeHeapSize                  = 122027880                              {pd product} {ergonomic}
    uintx ProfiledCodeHeapSize                     = 122027880                              {pd product} {ergonomic}
    uintx ReservedCodeCacheSize                    = 251658240                              {pd product} {ergonomic}
     bool SegmentedCodeCache                       = true                                      {product} {ergonomic}
   size_t SoftMaxHeapSize                          = 8568963072                             {manageable} {ergonomic}
     bool UseCompressedClassPointers               = true                           {product lp64_product} {ergonomic}
     bool UseCompressedOops                        = true                           {product lp64_product} {ergonomic}
     bool UseG1GC                                  = true                                      {product} {ergonomic}
     bool UseLargePagesIndividualAllocation        = false                                  {pd product} {ergonomic}

Logging:
Log output configuration:
 #0: stdout all=warning uptime,level,tags
 #1: stderr all=off uptime,level,tags

Environment Variables:
PATH=E:\VIRTUAL_MACHINE\bin\;C:\Program Files\Common Files\Oracle\Java\javapath;C:\Program Files (x86)\Common Files\Oracle\Java\javapath;C:\Windows\system32;C:\Windows;C:\Windows\System32\Wbem;C:\Windows\System32\WindowsPowerShell\v1.0\;C:\Windows\System32\OpenSSH\;C:\Program Files (x86)\NVIDIA Corporation\PhysX\Common;C:\Program Files\NVIDIA Corporation\NVIDIA NvDLISR;C:\Program Files\Git\cmd;C:\Users\andre\AppData\Local\Microsoft\WindowsApps;;D:\PROGRAMS\IntelliJ IDEA Community Edition 2023.1\bin;;C:\Users\andre\AppData\Local\Programs\Microsoft VS Code\bin
USERNAME=andre
OS=Windows_NT
PROCESSOR_IDENTIFIER=Intel64 Family 6 Model 158 Stepping 13, GenuineIntel
TMP=C:\Users\andre\AppData\Local\Temp
TEMP=C:\Users\andre\AppData\Local\Temp



---------------  S Y S T E M  ---------------

OS:
 Windows 10 , 64 bit Build 19041 (10.0.19041.2913)
OS uptime: 5 days 23:28 hours

CPU: total 16 (initial active 16) (8 cores per cpu, 2 threads per core) family 6 model 158 stepping 13 microcode 0xcc, cx8, cmov, fxsr, ht, mmx, 3dnowpref, sse, sse2, sse3, ssse3, sse4.1, sse4.2, popcnt, lzcnt, tsc, tscinvbit, avx, avx2, aes, erms, clmul, bmi1, bmi2, adx, fma, vzeroupper, clflush, clflushopt

Memory: 4k page, system-wide physical 32682M (5168M free)
TotalPageFile size 49066M (AvailPageFile size 219M)
current process WorkingSet (physical memory assigned to process): 10M, peak: 10M
current process commit charge ("private bytes"): 70M, peak: 582M

vm_info: OpenJDK 64-Bit Server VM (17.0.4+8-LTS) for windows-amd64 JRE (17.0.4+8-LTS), built on Jul 15 2022 17:12:09 by "Administrator" with MS VC++ 15.9 (VS2017)

END.
